#-----------------------------------------------------------
# Vivado v2017.3 (64-bit)
# SW Build 2018833 on Wed Oct  4 19:58:22 MDT 2017
# IP Build 2016188 on Wed Oct  4 21:52:56 MDT 2017
# Start of session at: Fri Dec 15 20:24:50 2017
# Process ID: 13956
# Current directory: C:/Users/lixin/Desktop/MipsSingleCycleCPU_evil
# Command line: vivado.exe -gui_launcher_event rodinguilauncherevent2184 C:\Users\lixin\Desktop\MipsSingleCycleCPU_evil\WithoutBlockDesign102022.xpr
# Log file: C:/Users/lixin/Desktop/MipsSingleCycleCPU_evil/vivado.log
# Journal file: C:/Users/lixin/Desktop/MipsSingleCycleCPU_evil\vivado.jou
#-----------------------------------------------------------
start_gui
open_project C:/Users/lixin/Desktop/MipsSingleCycleCPU_evil/WithoutBlockDesign102022.xpr
Scanning sources...
Finished scanning sources
INFO: [IP_Flow 19-234] Refreshing IP repositories
INFO: [IP_Flow 19-1704] No user IP repositories specified
INFO: [IP_Flow 19-2313] Loaded Vivado IP repository 'D:/Xilinx/Vivado/2017.3/data/ip'.
open_project: Time (s): cpu = 00:00:19 ; elapsed = 00:00:10 . Memory (MB): peak = 861.629 ; gain = 61.441
update_compile_order -fileset sources_1
open_run impl_1
INFO: [Netlist 29-17] Analyzing 1172 Unisim elements for replacement
INFO: [Netlist 29-28] Unisim Transformation completed in 0 CPU seconds
INFO: [Project 1-479] Netlist was created with Vivado 2017.3
INFO: [Device 21-403] Loading part xc7a35tcpg236-1
INFO: [Project 1-570] Preparing netlist for logic optimization
Parsing XDC File [C:/Users/lixin/Desktop/MipsSingleCycleCPU_evil/.Xil/Vivado-13956-DESKTOP-5Q0ADMK/dcp1/UserInterface.xdc]
Finished Parsing XDC File [C:/Users/lixin/Desktop/MipsSingleCycleCPU_evil/.Xil/Vivado-13956-DESKTOP-5Q0ADMK/dcp1/UserInterface.xdc]
Reading XDEF placement.
Reading placer database...
Reading XDEF routing.
Read XDEF File: Time (s): cpu = 00:00:05 ; elapsed = 00:00:05 . Memory (MB): peak = 1453.289 ; gain = 11.707
Restored from archive | CPU: 5.000000 secs | Memory: 0.000000 MB |
Finished XDEF File Restore: Time (s): cpu = 00:00:05 ; elapsed = 00:00:05 . Memory (MB): peak = 1453.289 ; gain = 11.707
INFO: [Project 1-111] Unisim Transformation Summary:
No Unisim elements were transformed.

open_run: Time (s): cpu = 00:01:05 ; elapsed = 00:00:53 . Memory (MB): peak = 1627.406 ; gain = 751.676
open_report: Time (s): cpu = 00:00:59 ; elapsed = 00:00:15 . Memory (MB): peak = 1703.109 ; gain = 64.699
exit
INFO: [Common 17-206] Exiting Vivado at Sat Dec 16 01:05:24 2017...
