Copyright 1986-2017 Xilinx, Inc. All Rights Reserved.
------------------------------------------------------------------------------------
| Tool Version : Vivado v.2017.3 (win64) Build 2018833 Wed Oct  4 19:58:22 MDT 2017
| Date         : Wed Nov 15 05:54:07 2017
| Host         : DESKTOP-5Q0ADMK running 64-bit major release  (build 9200)
| Command      : report_control_sets -file UserInterface_control_sets_placed.rpt
| Design       : UserInterface
| Device       : xc7a35t
------------------------------------------------------------------------------------

Control Set Information

Table of Contents
-----------------
1. Summary
2. Flip-Flop Distribution

1. Summary
----------

+-------------------------------+-------+
|             Status            | Count |
+-------------------------------+-------+
| Number of unique control sets |  3110 |
+-------------------------------+-------+


2. Flip-Flop Distribution
-------------------------

+--------------+-----------------------+------------------------+-----------------+--------------+
| Clock Enable | Synchronous Set/Reset | Asynchronous Set/Reset | Total Registers | Total Slices |
+--------------+-----------------------+------------------------+-----------------+--------------+
| No           | No                    | No                     |              49 |           14 |
| No           | No                    | Yes                    |             992 |          992 |
| No           | Yes                   | No                     |            1031 |         1003 |
| Yes          | No                    | No                     |            1024 |          647 |
| Yes          | No                    | Yes                    |            1005 |          997 |
| Yes          | Yes                   | No                     |               0 |            0 |
+--------------+-----------------------+------------------------+-----------------+--------------+


